Using base prefix '/cvmfs/soft.computecanada.ca/easybuild/software/2017/Core/python/3.6.3'
New python executable in /localscratch/abtin.28074867.0/env/bin/python
Installing setuptools, pip, wheel...done.
Ignoring pip: markers 'python_version < "3"' don't match your environment
Collecting pip
Installing collected packages: pip
  Found existing installation: pip 9.0.1
    Uninstalling pip-9.0.1:
      Successfully uninstalled pip-9.0.1
Successfully installed pip-18.1
Ignoring pip: markers 'python_version < "3"' don't match your environment
Looking in links: /cvmfs/soft.computecanada.ca/custom/python/wheelhouse/avx2, /cvmfs/soft.computecanada.ca/custom/python/wheelhouse/generic, /cvmfs/soft.computecanada.ca/custom/python/wheelhouse/avx2, /cvmfs/soft.computecanada.ca/custom/python/wheelhouse/generic
Collecting cloudpickle==0.8.0 (from -r requirements.txt (line 3))
Collecting cycler==0.10.0 (from -r requirements.txt (line 4))
Collecting dask==1.1.4 (from -r requirements.txt (line 5))
Collecting decorator==4.4.0 (from -r requirements.txt (line 6))
Collecting imageio==2.4.1 (from -r requirements.txt (line 7))
Collecting kiwisolver==1.1.0 (from -r requirements.txt (line 8))
Collecting matplotlib==3.0.3 (from -r requirements.txt (line 9))
Collecting networkx==2.2 (from -r requirements.txt (line 10))
Collecting numpy==1.16.3 (from -r requirements.txt (line 11))
Collecting Pillow==6.1.0 (from -r requirements.txt (line 12))
Collecting pyparsing==2.4.0 (from -r requirements.txt (line 13))
Collecting python-dateutil==2.8.0 (from -r requirements.txt (line 14))
Collecting PyWavelets==1.0.3 (from -r requirements.txt (line 15))
Collecting scikit-image==0.14.2 (from -r requirements.txt (line 16))
Collecting scipy==1.3.0 (from -r requirements.txt (line 17))
Collecting six==1.12.0 (from -r requirements.txt (line 18))
Collecting toolz==0.9.0 (from -r requirements.txt (line 19))
Requirement already satisfied: setuptools in /localscratch/abtin.28074867.0/env/lib/python3.6/site-packages (from kiwisolver==1.1.0->-r requirements.txt (line 8)) (28.8.0)
Installing collected packages: cloudpickle, six, cycler, dask, decorator, numpy, Pillow, imageio, kiwisolver, pyparsing, python-dateutil, matplotlib, networkx, PyWavelets, scikit-image, scipy, toolz
Successfully installed Pillow-6.1.0 PyWavelets-1.0.3 cloudpickle-0.8.0 cycler-0.10.0 dask-1.1.4 decorator-4.4.0 imageio-2.4.1 kiwisolver-1.1.0 matplotlib-3.0.3 networkx-2.2 numpy-1.16.3 pyparsing-2.4.0 python-dateutil-2.8.0 scikit-image-0.14.2 scipy-1.3.0 six-1.12.0 toolz-0.9.0
VS1_0107.png converted to masks
VS1_0109.png converted to masks
VS1_0111.png converted to masks
VS1_0115.png converted to masks
VS1_0117.png converted to masks
VS1_0119.png converted to masks
VS1_0121.png converted to masks
VS1_0123.png converted to masks
VS1_0125.png converted to masks
VS1_0127.png converted to masks
VS1_0129.png converted to masks
VS1_0131.png converted to masks
VS4_0131.png converted to masks
VS4_0133.png converted to masks
VS4_0134.png converted to masks
VS4_0135.png converted to masks
VS4_0136.png converted to masks
VS4_0137.png converted to masks
VS4_0138.png converted to masks
VS4_0139.png converted to masks
VS4_0140.png converted to masks
VS4_0141.png converted to masks
VS4_0142.png converted to masks
VS4_0143.png converted to masks
VS6_0156.png converted to masks
VS6_0157.png converted to masks
VS6_0158.png converted to masks
VS6_0159.png converted to masks
VS6_0160.png converted to masks
VS6_0161.png converted to masks
VS6_0162.png converted to masks
VS6_0163.png converted to masks
VS6_0164.png converted to masks
VS6_0165.png converted to masks
VS6_0166.png converted to masks
VS6_0167.png converted to masks
VS10_0007.png converted to masks
VS10_0008.png converted to masks
VS10_0009.png converted to masks
VS10_0010.png converted to masks
VS10_0011.png converted to masks
VS10_0012.png converted to masks
VS10_0013.png converted to masks
VS10_0014.png converted to masks
VS10_0015.png converted to masks
VS10_0016.png converted to masks
VS10_0017.png converted to masks
VS10_0018.png converted to masks
VS5_0060.png converted to masks
VS5_0061.png converted to masks
VS5_0063.png converted to masks
VS5_0064.png converted to masks
VS5_0065.png converted to masks
VS5_0066.png converted to masks
VS5_0067.png converted to masks
VS5_0068.png converted to masks
VS5_0069.png converted to masks
VS5_0070.png converted to masks
VS5_0071.png converted to masks
VS5_0072.png converted to masks
VS7_0019.png converted to masks
VS7_0020.png converted to masks
VS7_0021.png converted to masks
VS7_0022.png converted to masks
VS7_0023.png converted to masks
VS7_0024.png converted to masks
VS7_0025.png converted to masks
VS7_0026.png converted to masks
VS7_0027.png converted to masks
VS7_0028.png converted to masks
VS7_0029.png converted to masks
VS7_0030.png converted to masks
VS8_0048.png converted to masks
VS8_0049.png converted to masks
VS8_0050.png converted to masks
VS8_0051.png converted to masks
VS8_0052.png converted to masks
VS8_0053.png converted to masks
VS8_0054.png converted to masks
VS8_0055.png converted to masks
VS8_0056.png converted to masks
VS8_0057.png converted to masks
VS8_0058.png converted to masks
VS8_0059.png converted to masks
VS2_0157.png converted to masks
VS2_0158.png converted to masks
VS2_0159.png converted to masks
VS2_0160.png converted to masks
VS2_0161.png converted to masks
VS2_0162.png converted to masks
VS2_0163.png converted to masks
VS2_0164.png converted to masks
VS2_0165.png converted to masks
VS2_0166.png converted to masks
VS2_0167.png converted to masks
VS2_0168.png converted to masks
VS4_0030.png converted to masks
VS4_0031.png converted to masks
VS4_0032.png converted to masks
VS4_0033.png converted to masks
VS4_0034.png converted to masks
VS4_0035.png converted to masks
VS4_0036.png converted to masks
VS4_0037.png converted to masks
VS4_0038.png converted to masks
VS4_0039.png converted to masks
VS4_0040.png converted to masks
VS4_0041.png converted to masks
VS6_0010.png converted to masks
VS6_0028.png converted to masks
VS6_0046.png converted to masks
VS6_0064.png converted to masks
VS6_0082.png converted to masks
VS6_0100.png converted to masks
VS6_0118.png converted to masks
VS6_0136.png converted to masks
VS6_0154.png converted to masks
VS6_0172.png converted to masks
VS7_0015.png converted to masks
VS7_0033.png converted to masks
VS2_0119.png converted to masks
VS2_0120.png converted to masks
VS2_0121.png converted to masks
VS2_0122.png converted to masks
VS2_0123.png converted to masks
VS2_0124.png converted to masks
VS2_0125.png converted to masks
VS2_0126.png converted to masks
VS2_0127.png converted to masks
VS2_0128.png converted to masks
VS2_0129.png converted to masks
VS2_0130.png converted to masks
VS5_0086.png converted to masks
VS5_0087.png converted to masks
VS5_0088.png converted to masks
VS5_0089.png converted to masks
VS5_0090.png converted to masks
VS5_0091.png converted to masks
VS5_0092.png converted to masks
VS5_0093.png converted to masks
VS5_0094.png converted to masks
VS5_0095.png converted to masks
VS5_0096.png converted to masks
VS5_0097.png converted to masks
VS7_0057.png converted to masks
VS7_0058.png converted to masks
VS7_0059.png converted to masks
VS7_0060.png converted to masks
VS7_0061.png converted to masks
VS7_0062.png converted to masks
VS7_0063.png converted to masks
VS7_0064.png converted to masks
VS7_0065.png converted to masks
VS7_0066.png converted to masks
VS7_0067.png converted to masks
VS7_0068.png converted to masks
VS8_0137.png converted to masks
VS8_0138.png converted to masks
VS8_0139.png converted to masks
VS8_0140.png converted to masks
VS8_0141.png converted to masks
VS8_0142.png converted to masks
VS8_0143.png converted to masks
VS8_0144.png converted to masks
VS8_0145.png converted to masks
VS8_0146.png converted to masks
VS8_0147.png converted to masks
VS8_0148.png converted to masks
VS3_0056.png converted to masks
VS3_0057.png converted to masks
VS3_0058.png converted to masks
VS3_0059.png converted to masks
VS3_0060.png converted to masks
VS3_0061.png converted to masks
VS3_0063.png converted to masks
VS3_0064.png converted to masks
VS3_0065.png converted to masks
VS3_0066.png converted to masks
VS3_0067.png converted to masks
VS3_0068.png converted to masks
VS6_0029.png converted to masks
VS6_0030.png converted to masks
VS6_0031.png converted to masks
VS6_0032.png converted to masks
VS6_0033.png converted to masks
VS6_0034.png converted to masks
VS6_0035.png converted to masks
VS6_0036.png converted to masks
VS6_0037.png converted to masks
VS6_0038.png converted to masks
VS6_0039.png converted to masks
VS6_0040.png converted to masks
VS8_0060.png converted to masks
VS8_0062.png converted to masks
VS8_0063.png converted to masks
VS8_0064.png converted to masks
VS8_0065.png converted to masks
VS8_0066.png converted to masks
VS8_0067.png converted to masks
VS8_0068.png converted to masks
VS8_0069.png converted to masks
VS8_0070.png converted to masks
VS8_0071.png converted to masks
VS8_0072.png converted to masks
VS10_0096.png converted to masks
VS10_0114.png converted to masks
VS1_0041.png converted to masks
VS1_0077.png converted to masks
VS1_0113.png converted to masks
VS1_0149.png converted to masks
VS1_0185.png converted to masks
VS2_0046.png converted to masks
VS2_0064.png converted to masks
VS2_0082.png converted to masks
VS2_0100.png converted to masks
VS2_0118.png converted to masks
VS4_0119.png converted to masks
VS4_0120.png converted to masks
VS4_0121.png converted to masks
VS4_0122.png converted to masks
VS4_0123.png converted to masks
VS4_0124.png converted to masks
VS4_0125.png converted to masks
VS4_0126.png converted to masks
VS4_0127.png converted to masks
VS4_0128.png converted to masks
VS4_0129.png converted to masks
VS4_0130.png converted to masks
VS7_0095.png converted to masks
VS7_0096.png converted to masks
VS7_0097.png converted to masks
VS7_0098.png converted to masks
VS7_0099.png converted to masks
VS7_0100.png converted to masks
VS7_0101.png converted to masks
VS7_0102.png converted to masks
VS7_0103.png converted to masks
VS7_0104.png converted to masks
VS5_0116.png converted to masks
VS5_0134.png converted to masks
VS8_0162.png converted to masks
VS8_0163.png converted to masks
VS8_0164.png converted to masks
VS8_0165.png converted to masks
VS9_0007.png converted to masks
VS9_0008.png converted to masks
VS9_0009.png converted to masks
VS9_0011.png converted to masks
VS9_0012.png converted to masks
VS9_0013.png converted to masks
VS9_0014.png converted to masks
VS9_0015.png converted to masks
VS3_0069.png converted to masks
VS3_0070.png converted to masks
VS3_0071.png converted to masks
VS3_0072.png converted to masks
VS3_0073.png converted to masks
VS3_0074.png converted to masks
VS3_0075.png converted to masks
VS3_0076.png converted to masks
VS3_0077.png converted to masks
VS3_0078.png converted to masks
VS3_0079.png converted to masks
VS3_0081.png converted to masks
VS6_0054.png converted to masks
VS6_0055.png converted to masks
VS6_0056.png converted to masks
VS6_0057.png converted to masks
VS6_0058.png converted to masks
VS6_0059.png converted to masks
VS6_0060.png converted to masks
VS6_0061.png converted to masks
VS6_0062.png converted to masks
VS6_0063.png converted to masks
VS6_0065.png converted to masks
VS6_0066.png converted to masks
VS8_0073.png converted to masks
VS8_0074.png converted to masks
VS8_0075.png converted to masks
VS8_0076.png converted to masks
VS8_0077.png converted to masks
VS8_0078.png converted to masks
VS8_0080.png converted to masks
VS8_0081.png converted to masks
VS8_0082.png converted to masks
VS8_0083.png converted to masks
VS8_0084.png converted to masks
VS8_0085.png converted to masks
VS3_0082.png converted to masks
VS3_0083.png converted to masks
VS3_0084.png converted to masks
VS3_0085.png converted to masks
VS3_0086.png converted to masks
VS3_0087.png converted to masks
VS3_0088.png converted to masks
VS3_0089.png converted to masks
VS3_0090.png converted to masks
VS3_0091.png converted to masks
VS3_0092.png converted to masks
VS3_0093.png converted to masks
VS6_0041.png converted to masks
VS6_0042.png converted to masks
VS6_0043.png converted to masks
VS6_0044.png converted to masks
VS6_004VS1_0163.png converted to masks
VS1_0165.png converted to masks
VS1_0167.png converted to masks
VS1_0169.png converted to masks
VS1_0171.png converted to masks
VS1_0173.png converted to masks
VS1_0175.png converted to masks
VS1_0177.png converted to masks
VS1_0179.png converted to masks
VS1_0181.png converted to masks
VS1_0183.png converted to masks
VS1_0187.png converted to masks
VS4_0017.png converted to masks
VS4_0018.png converted to masks
VS4_0019.png converted to masks
VS4_0020.png converted to masks
VS4_0021.png converted to masks
VS4_0022.png converted to masks
VS4_0023.png converted to masks
VS4_0025.png converted to masks
VS4_0026.png converted to masks
VS4_0027.png converted to masks
VS4_0028.png converted to masks
VS4_0029.png converted to masks
VS7_0031.png converted to masks
VS7_0032.png converted to masks
VS7_0034.png converted to masks
VS7_0035.png converted to masks
VS7_0036.png converted to masks
VS7_0037.png converted to masks
VS7_0038.png converted to masks
VS7_0039.png converted to masks
VS7_0040.png converted to masks
VS7_0041.png converted to masks
VS7_0042.png converted to masks
VS7_0043.png converted to masks
VS8_0086.png converted to masks
VS8_0087.png converted to masks
VS8_0088.png converted to masks
VS8_0089.png converted to masks
VS8_0090.png converted to masks
VS8_0091.png converted to masks
VS8_0092.png converted to masks
VS8_0093.png converted to masks
VS8_0094.png converted to masks
VS8_0095.png converted to masks
VS8_0096.png converted to masks
VS8_0098.png converted to masks
VS2_0106.png converted to masks
VS2_0107.png converted to masks
VS2_0108.png converted to masks
VS2_0109.png converted to masks
VS2_0110.png converted to masks
VS2_0111.png converted to masks
VS2_0112.png converted to masks
VS2_0113.png converted to masks
VS2_0114.png converted to masks
VS2_0115.png converted to masks
VS2_0116.png converted to masks
VS2_0117.png converted to masks
VS6_0016.png converted to masks
VS6_0017.png converted to masks
VS6_0018.png converted to masks
VS6_0019.png converted to masks
VS6_0020.png converted to masks
VS6_0021.png converted to masks
VS6_0022.png converted to masks
VS6_0023.png converted to masks
VS6_0024.png converted to masks
VS6_0025.png converted to masks
VS6_0026.png converted to masks
VS6_0027.png converted to masks
VS8_0124.png converted to masks
VS8_0125.png converted to masks
VS8_0126.png converted to masks
VS8_0127.png converted to masks
VS8_0128.png converted to masks
VS8_0129.png converted to masks
VS8_0130.png converted to masks
VS8_0131.png converted to masks
VS8_0132.png converted to masks
VS8_0134.png converted to masks
VS8_0135.png converted to masks
VS8_0136.png converted to masks
VS3_0043.png converted to masks
VS3_0045.png converted to masks
VS3_0046.png converted to masks
VS3_0047.png converted to masks
VS3_0048.png converted to masks
VS3_0049.png converted to masks
VS3_0050.png converted to masks
VS3_0051.png converted to masks
VS3_0052.png converted to masks
VS3_0053.png converted to masks
VS3_0054.png converted to masks
VS3_0055.png converted to masks
VS5_0099.png converted to masks
VS5_0100.png converted to masks
VS5_0101.png converted to masks
VS5_0102.png converted to masks
VS5_0103.png converted to masks
VS5_0104.png converted to masks
VS5_0105.png converted to masks
VS5_0106.png converted to masks
VS5_0107.png converted to masks
VS5_0108.png converted to masks
VS5_0109.png converted to masks
VS5_0110.png converted to masks
VS7_0044.png converted to masks
VS7_0045.png converted to masks
VS7_0046.png converted to masks
VS7_0047.png converted to masks
VS7_0048.png converted to masks
VS7_0049.png converted to masks
VS7_0050.png converted to masks
VS7_0052.png converted to masks
VS7_0053.png converted to masks
VS7_0054.png converted to masks
VS7_0055.png converted to masks
VS7_0056.png converted to masks
VS8_0111.png converted to masks
VS8_0112.png converted to masks
VS8_0113.png converted to masks
VS8_0114.png converted to masks
VS8_0116.png converted to masks
VS8_0117.png converted to masks
VS8_0118.png converted to masks
VS8_0119.png converted to masks
VS1_0133.png converted to masks
VS1_0135.png converted to masks
VS1_0137.png converted to masks
VS1_0139.png converted to masks
VS1_0141.png converted to masks
VS1_0143.png converted to masks
VS1_0145.png converted to masks
VS1_0147.png converted to masks
VS10_0024.png converted to masks
VS10_0042.png converted to masks
VS10_0060.png converted to masks
VS10_0078.png converted to masks
VS4_0096.png converted to masks
VS4_0114.png converted to masks
VS4_0132.png converted to masks
VS4_0150.png converted to masks
VS5_0008.png converted to masks
VS5_0026.png converted to masks
VS5_0044.png converted to masks
VS5_0062.png converted to masks
VS5_0080.png converted to masks
VS5_0117.png converted to masks
VS5_0118.png converted to masks
VS5_0119.png converted to masks
VS7_0070.png converted to masks
VS7_0071.png converted to masks
VS7_0072.png converted to masks
VS7_0073.png converted to masks
VS7_0074.png converted to masks
VS7_0075.png converted to masks
VS7_0076.png converted to masks
VS7_0077.png converted to masks
VS7_0078.png converted to masks
VS7_0079.png converted to masks
VS7_0080.png converted to masks
VS7_0081.png converted to masks
VS9_0016.png converted to masks
VS9_0017.png converted to masks
VS9_0018.png converted to masks
VS9_0019.png converted to masks
VS9_0020.png converted to masks
VS9_0021.png converted to masks
VS9_0022.png converted to masks
VS9_0023.png converted to masks
VS9_0024.png converted to masks
VS9_0025.png converted to masks
VS9_0026.png converted to masks
VS9_0027.png converted to masks
VS2_0068.png converted to masks
VS2_0069.png converted to masks
VS2_0070.png converted to masks
VS2_0071.png converted to masks
VS2_0072.png converted to masks
VS2_0073.png converted to masks
VS2_0074.png converted to masks
VS2_0075.png converted to masks
VS2_0076.png converted to masks
VS2_0077.png converted to masks
VS2_0078.png converted to masks
VS2_0079.png converted to masks
VS5_0111.png converted to masks
VS5_0112.png converted to masks
VS5_0113.png converted to masks
VS5_0114.png converted to masks
VS5_0115.png converted to masks
VS3_0098.png converted to masks
VS3_0116.png converted to masks
VS3_0134.png converted to masks
VS4_0024.png converted to masks
VS4_0042.png converted to masks
VS4_0060.png converted to masks
VS4_0078.png converted to masks
VS7_0082.png converted to masks
VS7_0083.png converted to masks
VS7_0084.png converted to masks
VS7_0085.png converted to masks
VS7_0086.png converted to masks
VS7_0088.png converted to masks
VS7_0089.png converted to masks
VS7_0090.png converted to masks
VS7_0091.png converted to masks
VS7_0092.png converted to masks
VS7_0093.png converted to masks
VS7_0094.png converted to masks
VS9_0029.png converted to masks
VS9_0030.png converted to masks
VS9_0031.png converted to masks
VS9_0032.png converted to masks
VS9_0033.png converted to masks
VS9_0034.png converted to masks
VS9_0035.png converted to masks
VS9_0036.png converted to masks
VS9_0037.png converted to masks
VS9_0038.png converted to masks
VS9_0039.png converted to masks
VS9_0040.png converted to masks
VS2_0144.png converted to masks
VS2_0145.png converted to masks
VS2_0146.png converted to masks
VS2_0147.png converted to masks
VS2_0148.png converted to masks
VS2_0149.png converted to masks
VS2_0150.png converted to masks
VS2_0151.png converted to masks
VS2_0152.png converted to masks
VS2_0153.png converted to masks
VS2_0155.png converted to masks
VS2_0156.png converted to masks
VS4_0081.png converted to masks
VS4_0082.png converted to masks
VS4_0083.png converted to masks
VS4_0084.png converted to masks
VS4_0085.png converted to masks
VS4_0086.png converted to masks
VS4_0087.png converted to masks
VS4_0088.png converted to masks
VS4_0089.png converted to masks
VS4_0090.png converted to masks
VS4_0091.png converted to masks
VS4_0092.png converted to masks
VS7_0167.png converted to masks
VS7_0168.png converted to masks
VS7_0169.png converted to masks
VS7_0170.png converted to masks
VS7_0171.png converted to masks
VS7_0172.png converted to masks
VS7_0173.png converted to masks
VS7_0174.png converted to maVS3_0018.png converted to masks
VS3_0019.png converted to masks
VS3_0020.png converted to masks
VS3_0021.png converted to masks
VS3_0022.png converted to masks
VS3_0023.png converted to masks
VS3_0024.png converted to masks
VS3_0025.png converted to masks
VS3_0027.png converted to masks
VS3_0028.png converted to masks
VS3_0029.png converted to masks
VS3_0030.png converted to masks
VS5_0073.png converted to masks
VS5_0074.png converted to masks
VS5_0075.png converted to masks
VS5_0076.png converted to masks
VS5_0077.png converted to masks
VS5_0078.png converted to masks
VS5_0079.png converted to masks
VS5_0081.png converted to masks
VS5_0082.png converted to masks
VS5_0083.png converted to masks
VS5_0084.png converted to masks
VS5_0085.png converted to masks
VS8_0010.png converted to masks
VS8_0011.png converted to masks
VS8_0012.png converted to masks
VS8_0013.png converted to masks
VS8_0014.png converted to masks
VS8_0015.png converted to masks
VS8_0016.png converted to masks
VS8_0017.png converted to masks
VS8_0018.png converted to masks
VS8_0019.png converted to masks
VS8_0020.png converted to masks
VS8_0021.png converted to masks
VS9_0041.png converted to masks
VS9_0042.png converted to masks
VS9_0043.png converted to masks
VS9_0044.png converted to masks
VS9_0045.png converted to masks
VS9_0047.png converted to masks
VS9_0048.png converted to masks
VS9_0049.png converted to masks
VS9_0050.png converted to masks
VS9_0051.png converted to masks
VS9_0052.png converted to masks
VS9_0053.png converted to masks
VS2_0136.png converted to masks
VS2_0154.png converted to masks
VS2_0172.png converted to masks
VS3_0026.png converted to masks
VS3_0044.png converted to masks
VS3_0062.png converted to masks
VS1_0151.png converted to masks
VS1_0153.png converted to masks
VS1_0155.png converted to masks
VS1_0157.png converted to masks
VS1_0159.png converted to masks
VS1_0161.png converted to masks
VS4_0068.png converted to masks
VS4_0069.png converted to masks
VS4_0070.png converted to masks
VS4_0071.png converted to masks
VS4_0072.png converted to masks
VS4_0073.png converted to masks
VS4_0074.png converted to masks
VS4_0075.png converted to masks
VS4_0076.png converted to masks
VS4_0077.png converted to masks
VS4_0079.png converted to masks
VS4_0080.png converted to masks
VS7_0154.png converted to masks
VS7_0155.png converted to masks
VS7_0156.png converted to masks
VS7_0157.png converted to masks
VS7_0158.png converted to masks
VS7_0160.png converted to masks
VS7_0161.png converted to masks
VS7_0162.png converted to masks
VS7_0163.png converted to masks
VS7_0164.png converted to masks
VS7_0165.png converted to masks
VS7_0166.png converted to masks
VS9_0054.png converted to masks
VS9_0055.png converted to masks
VS9_0056.png converted to masks
VS9_0057.png converted to masks
VS9_0058.png converted to masks
VS9_0059.png converted to masks
VS9_0060.png converted to masks
VS9_0061.png converted to masks
VS9_0062.png converted to masks
VS9_0063.png converted to masks
VS9_0065.png converted to masks
VS9_0066.png converted to masks
VS2_0042.png converted to masks
VS2_0043.png converted to masks
VS2_0044.png converted to masks
VS2_0045.png converted to masks
VS2_0047.png converted to masks
VS2_0048.png converted to masks
VS2_0049.png converted to masks
VS2_0050.png converted to masks
VS2_0051.png converted to masks
VS2_0052.png converted to masks
VS2_0053.png converted to masks
VS2_0054.png converted to masks
VS4_0055.png converted to masks
VS4_0056.png converted to masks
VS4_0057.png converted to masks
VS4_0058.png converted to masks
VS4_0059.png converted to masks
VS4_0061.png converted to masks
VS4_0062.png converted to masks
VS4_0063.png converted to masks
VS4_0064.png converted to masks
VS4_0065.png converted to masks
VS4_0066.png converted to masks
VS4_0067.png converted to masks
VS7_0142.png converted to masks
VS7_0143.png converted to masks
VS7_0144.png converted to masks
VS7_0145.png converted to masks
VS7_0146.png converted to masks
VS7_0147.png converted to masks
VS7_0148.png converted to masks
VS7_0149.png converted to masks
VS2_0080.png converted to masks
VS2_0081.png converted to masks
VS2_0083.png converted to masks
VS2_0084.png converted to masks
VS2_0085.png converted to masks
VS2_0086.png converted to masks
VS2_0087.png converted to masks
VS2_0088.png converted to masks
VS2_0089.png converted to masks
VS2_0090.png converted to masks
VS2_0091.png converted to masks
VS2_0092.png converted to masks
VS5_0145.png converted to masks
VS5_0146.png converted to masks
VS5_0147.png converted to masks
VS5_0148.png converted to masks
VS5_0149.png converted to masks
VS5_0150.png converted to masks
VS6_0009.png converted to masks
VS6_0011.png converted to masks
VS6_0012.png converted to masks
VS6_0013.png converted to masks
VS6_0014.png converted to masks
VS6_0015.png converted to masks
VS8_0022.png converted to masks
VS8_0023.png converted to masks
VS8_0024.png converted to masks
VS8_0026.png converted to masks
VS8_0027.png converted to masks
VS8_0028.png converted to masks
VS8_0029.png converted to masks
VS8_0030.png converted to masks
VS8_0031.png converted to masks
VS8_0032.png converted to masks
VS8_0033.png converted to masks
VS8_0034.png converted to masks
VS8_0097.png converted to masks
VS8_0115.png converted to masks
VS8_0133.png converted to masks
VS8_0151.png converted to masks
VS9_0010.png converted to masks
VS9_0028.png converted to masks
VS9_0046.png converted to masks
VS9_0064.png converted to masks
VS9_0082.png converted to masks
VS3_0080.png converted to masks
VS5_0098.png converted to masks
VS7_0087.png converted to masks
VS1_0057.png converted to masks
VS1_0059.png converted to masks
VS1_0061.png converted to masks
VS1_0063.png converted to masks
VS1_0065.png converted to masks
VS1_0067.png converted to masks
VS1_0069.png converted to masks
VS1_0071.png converted to masks
VS1_0073.png converted to masks
VS1_0075.png converted to masks
VS1_0079.png converted to masks
VS1_0081.png converted to masks
VS4_0106.png converted to masks
VS4_0107.png converted to masks
VS4_0108.png converted to masks
VS4_0109.png converted to masks
VS4_0110.png converted to masks
VS4_0111.png converted to masks
VS4_0112.png converted to masks
VS4_0113.png converted to masks
VS4_0115.png converted to masks
VS4_0116.png converted to masks
VS4_0117.png converted to masks
VS4_0118.png converted to masks
VS7_0051.png converted to masks
VS7_0069.png converted to masks
VS7_0106.png converted to masks
VS7_0107.png converted to masks
VS7_0108.png converted to masks
VS7_0109.png converted to masks
VS7_0110.png converted to masks
VS7_0111.png converted to masks
VS7_0112.png converted to masks
VS7_0113.png converted to masks
VS7_0114.png converted to masks
VS7_0115.png converted to masks
VS9_0079.png converted to masks
VS9_0080.png converted to masks
VS9_0081.png converted to masks
VS7_0105.png converted to masks
VS7_0123.png converted to masks
VS7_0141.png converted to masks
VS7_0159.png converted to masks
VS8_0007.png converted to masks
VS8_0025.png converted to masks
VS8_0043.png converted to masks
VS8_0061.png converted to masks
VS8_0079.png converted to masks
VS3_0120.png converted to masks
VS3_0121.png converted to masks
VS3_0122.png converted to masks
VS3_0123.png converted to masks
VS3_0124.png converted to masks
VS3_0125.png converted to masks
VS3_0126.png converted to masks
VS3_0127.png converted to masks
VS3_0128.png converted to masks
VS3_0129.png converted to masks
VS3_0130.png converted to masks
VS3_0131.png converted to masks
VS4_0043.png converted to masks
VS4_0044.png converted to masks
VS4_0045.png converted to masks
VS4_0046.png converted to masks
VS4_0047.png converted to masks
VS4_0048.png converted to masks
VS4_0049.png converted to masks
VS4_0050.png converted to masks
VS4_0051.png converted to masks
VS4_0052.png converted to masks
VS4_0053.png converted to masks
VS4_0054.png converted to masks
VS7_0116.png converted to masks
VS7_0117.png converted to masks
VS7_0118.png converted to masks
VS7_0119.png converted to masks
VS7_0120.png converted to masks
VS7_0121.png converted to masks
VS7_0122.png converted to masks
VS7_0124.png converted to masks
VS1_0189.png converted to masks
VS1_0191.png converted to masks
VS2_0032.png converted to masks
VS2_0033.png converted to masks
VS2_0034.png converted to masks
VS2_0035.png converted to masks
VS2_0036.png converted to masks
VS2_0037.png converted to masks
VS2_0038.png converted to masks
VS2_0039.png converted to masks
VS2_0040.png converted to masks
VS2_0041.png converted to masks
VS4_0093.png converted to masks
VS4_0094.png converted to masks
VS4_0095.png converted to masks
VS4_0097.png converted to masks
VS4_0098.png converted to masks
VS4_0099.png converted to masks
VS4_0100.png converted to masks
VS4_0101.png converted to masks
VS4_0102.png converted to masks
VS4_0103.png converted to masks
VS4_0104.png converted to masks
VS4_0105.png converted to masks
VS7_0129.png converted to masks
VS7_0130.png converted to masks
VS7_0131.png converted to masks
VS7_0132.png converted to masks
VS7_0133.png converted to masks
VS7_0134.png converted to masks
VS7_0135.png converted to masks
VS7_0136.png converted to masks
VS7_0137.png converted to masks
VS7_0138.png converted to masks
VS7_0139.png converted to masks
VS7_0140.png converted to masks
VS9_0095.png converted to masks
VS9_0096.png converted to masks
VS9_0097.png converted to masks
VS9_0098.png converted to masks
VS9_0099.png converted to masks
VS9_0100.png converted to masks
VS9_0101.png converted to masks
VS9_0102.png converted to masks
VS9_0103.png converted to masks
VS9_0104.png converted to masks
VS9_0105.png converted to masks
VS9_0106.png converted to masks
VS1_0083.png converted to masks
VS1_0085.png converted to masks
VS1_0087.png converted to masks
VS1_0089.png converted to masks
VS1_0091.png converted to masks
VS1_0093.png converted to masks
VS1_0095.png converted to masks
VS1_0097.png converted to masks
VS1_0099.png converted to masks
VS1_0101.png converted to masks
VS1_0103.png converted to masks
VS1_0105.png converted to masks
VS5_0048.png converted to masks
VS5_0049.png converted to masks
VS5_0050.png converted to masks
VS5_0051.png converted to masks
VS5_0052.png converted to masks
VS5_0053.png converted to masks
VS5_0054.png converted to masks
VS5_0055.png converted to masks
VS5_0056.png converted to masks
VS5_0057.png converted to masks
VS5_0058.png converted to masks
VS5_0059.png converted to masks
VS6_0168.png converted to masks
VS6_0169.png converted to masks
VS6_0170.png converted to masks
VS6_0171.png converted to masks
VS6_0173.png converted to masks
VS6_0174.png converted to masks
VS6_0175.png converted to masks
VS6_0176.png converted to masks
VS6_0177.png converted to masks
VS6_0178.png converted to masks
VS6_0179.png converted to masks
VS6_0180.png converted to masks
VS1_0009.png converted to masks
VS1_0011.png converted to masks
VS1_0013.png converted to masks
VS1_0015.png converted to masks
VS1_0017.png converted to masks
VS1_0019.png converted to masks
VS1_0021.png converted to masks
VS1_0023.png converted to masks
VS1_0025.png converted to masks
VS1_0027.png converted to masks
VS1_0029.png converted to masks
VS1_0031.png converted to masks
VS2_0131.png converted to masks
VS2_0132.png converted to masks
VS2_0133.png converted to masks
VS2_0134.png converted to masks
VS2_0135.png converted to masks
VS2_0137.png converted to masks
VS2_0138.png converted to masks
VS2_0139.png converted to masks
VS2_0140.png converted to masks
VS2_0141.png converted to masks
VS2_0142.png converted to masks
VS2_0143.png converted to masks
VS5_0035.png converted to masks
VS5_0036.png converted to masks
VS5_0037.png converted to masks
VS5_0038.png converted to masks
VS5_0039.png converted to masks
VS5_0040.png converted to masks
VS5_0041.png converted to masks
VS5_0042.png converted to masks
VS5_0043.png converted to masks
VS5_0045.png converted to masks
VS5_0046.png converted to masks
VS5_0047.png converted to masks
VS6_0143.png converted to masks
VS6_0144.png converted to masks
VS6_0145.png converted to masks
VS6_0146.png converted to masks
VS6_0147.png converted to masks
VS6_0148.png converted to masks
VS6_0149.png converted to masks
VS6_0150.png converted to masks
VS3_0107.png converted to masks
VS3_0108.png converted to masks
VS3_0109.png converted to masks
VS3_0110.png converted to masks
VS3_0111.png converted to masks
VS3_0112.png converted to masks
VS3_0113.png converted to masks
VS3_0114.png converted to masks
VS3_0115.png converted to masks
VS3_0117.png converted to masks
VS3_0118.png converted to masks
VS3_0119.png converted to masks
VS4_0157.png converted to masks
VS4_0158.png converted to masks
VS4_0159.png converted to masks
VS4_0160.png converted to masks
VS5_0001.png converted to masks
VS5_0002.png converted to masks
VS5_0003.png converted to masks
VS5_0004.png converted to masks
VS5_0005.png converted to masks
VS5_0006.png converted to masks
VS5_0007.png converted to masks
VS5_0009.png converted to masks
VS6_0079.png converted to masks
VS6_0080.png converted to masks
VS6_0081.png converted to masks
VS6_0083.png converted to masks
VS6_0084.png converted to masks
VS6_0085.png converted to masks
VS6_0086.png converted to masks
VS6_0087.png converted to masks
VS6_0088.png converted to masks
VS6_0089.png converted to masks
VS6_0090.png converted to masks
VS6_0091.png converted to masks
VS9_0107.png converted to masks
VS9_0108.png converted to masks
VS9_0109.png converted to masks
VS9_0110.png converted to masks
VS10_0025.png converted to masks
VS10_0026.png converted to masks
VS10_0027.png converted to masks
VS10_0028.png converted to masks
VS10_0029.png converted to masks
VS10_0030.png converted to masks
VS10_0031.png converted to masks
VS10_0032.png converted to masks
VS2_0169.png converted to masks
VS2_0170.png converted to masks
VS2_0171.png converted to masks
VS2_0173.png converted to masks
VS2_0174.png converted to masks
VS2_0175.png converted to masks
VS2_0176.png converted to masks
VS2_0177.png converted to masks
VS3_0014.png converted to masks
VS3_0015.png converted to masks
VS3_0016.png converted to masks
VS3_0017.png converted to masks
VS3_0132.png converted to masks
VS3_0133.png converted to masks
VS4_0007.png converted to masks
VS4_0008.png converted to masks
VS4_0009.png converted to masks
VS4_0010.png converted to masks
VS4_0011.png converted to masks
VS4_0012.png converted to masks
VS4_0013.png converted to masks
VS4_0014.png converted to masks
VS4_0015.png converted to masks
VS4_0016.png converted to masks
VS6_0067.png converted to masks
VS6_0068.png converted to masks
VS6_0069.png converted to masks
VS6_0070.png converted to masks
VS6_0071.png converted to masks
VS6_0072.png converted to masks
VS6_0073.png converted to masks
VS6_0074.png converted to masks
VS6_0075.png converted to masks
VS6_0076.png converted to masks
VS6_0077.png converted to masks
VS6_0078.png converted to masks
VS10_0033.png converted to masks
VS10_0034.png converted to masks
VS10_0035.png converted to masks
VS10_0036.png converted to masks
VS10_0037.png converted to masks
VS10_0038.png converted to masks
VS10_0039.png converted to masks
VS10_0040.png converted to masks
VS10_0041.png converted to masks
VS10_0043.png converted to masks
VS10_0044.png converted to masks
VS10_0045.png converted to masks
VS3_0031.png converted to masks
VS3_0032.png converted to masks
VS3_0033.png converted to masks
VS3_0034.png converted to masks
VS3_0035.png converted to masks
VS3_0036.png converted to masks
VS3_0037.png converted to masks
VS3_0038.png converted to masks
VS3_0039.png converted to masks
VS3_0040.png converted to masks
VS3_0041.png converted to masks
VS3_0042.png converted to masks
VS5_0010.png converted to masks
VS5_0011.png converted to masks
VS5_0012.png converted to masks
VS5_0013.png converted to masks
VS5_0014.png converted to masks
VS5_0015.png converted to masks
VS5_0016.png converted to masks
VS5_0017.png converted to masks
VS5_0018.png converted to masks
VS5_0019.png converted to masks
VS5_0020.png converted to masks
VS5_0021.png converted to masks
VS6_0092.png converted to masks
VS6_0093.png converted to masks
VS6_0094.png converted to masks
VS6_0095.png converted to masks
VS6_0096.png converted to masks
VS6_0097.png converted to masks
VS6_0098.png converted to masks
VS6_0099.pngVS2_0093.png converted to masks
VS2_0094.png converted to masks
VS2_0095.png converted to masks
VS2_0096.png converted to masks
VS2_0097.png converted to masks
VS2_0098.png converted to masks
VS2_0099.png converted to masks
VS2_0101.png converted to masks
VS2_0102.png converted to masks
VS2_0103.png converted to masks
VS2_0104.png converted to masks
VS2_0105.png converted to masks
VS5_0132.png converted to masks
VS5_0133.png converted to masks
VS5_0135.png converted to masks
VS5_0136.png converted to masks
VS5_0137.png converted to masks
VS5_0138.png converted to masks
VS5_0139.png converted to masks
VS5_0140.png converted to masks
VS5_0141.png converted to masks
VS5_0142.png converted to masks
VS5_0143.png converted to masks
VS5_0144.png converted to masks
VS6_0130.png converted to masks
VS6_0131.png converted to masks
VS6_0132.png converted to masks
VS6_0133.png converted to masks
VS6_0134.png converted to masks
VS6_0135.png converted to masks
VS6_0137.png converted to masks
VS6_0138.png converted to masks
VS6_0139.png converted to masks
VS6_0140.png converted to masks
VS6_0141.png converted to masks
VS6_0142.png converted to masks
VS10_0097.png converted to masks
VS10_0098.png converted to masks
VS10_0099.png converted to masks
VS10_0100.png converted to masks
VS10_0101.png converted to masks
VS10_0102.png converted to masks
VS10_0103.png converted to masks
VS10_0104.png converted to masks
VS10_0105.png converted to masks
VS10_0106.png converted to masks
VS10_0107.png converted to masks
VS10_0108.png converted to masks
VS3_0094.png converted to masks
VS3_0095.png converted to masks
VS3_0096.png converted to masks
VS3_0097.png converted to masks
VS3_0099.png converted to masks
VS3_0100.png converted to masks
VS3_0101.png converted to masks
VS3_0102.png converted to masks
VS3_0103.png converted to masks
VS3_0104.png converted to masks
VS3_0105.png converted to masks
VS3_0106.png converted to masks
VS5_0120.png converted to masks
VS5_0121.png converted to masks
VS5_0122.png converted to masks
VS5_0123.png converted to masks
VS5_0124.png converted to masks
VS5_0125.png converted to masks
VS5_0126.png converted to masks
VS5_0127.png converted to masks
VS5_0128.png converted to masks
VS5_0129.png converted to masks
VS5_0130.png converted to masks
VS5_0131.png converted to masks
VS7_0006.png converted to masks
VS7_0007.png converted to masks
VS7_0008.png converted to masks
VS7_0009.png converted to masks
VS7_0010.png converted to masks
VS7_0011.png converted to masks
VS7_0012.png converted to masks
VS7_0013.png converted to masks
VS7_0014.png converted to masks
VS7_0016.png converted to masks
VS7_0017.png converted to masks
VS7_0018.png converted to masks
VS8_0035.png converted to masks
VS8_0036.png converted to masks
VS8_0037.png converted to masks
VS8_0038.png converted to masks
VS8_0039.png converted to masks
VS8_0040.png converted to masks
VS8_0041.png converted to masks
VS8_0042.png converted to masks
VS8_0044.png converted to masks
VS8_0045.png converted to masks
VS8_0046.png converted to masks
VS8_0047.png converted to masks
VS10_0058.png converted to masks
VS10_0059.png converted to masks
VS10_0061.png converted to masks
VS10_0062.png converted to masks
VS10_0063.png converted to masks
VS10_0064.png converted to masks
VS10_0065.png converted to masks
VS10_0066.png converted to masks
VS10_0067.png converted to masks
VS10_0068.png converted to masks
VS10_0069.png converted to masks
VS10_0070.png converted to masks
VS2_0055.png converted to masks
VS2_0056.png converted to masks
VS2_0057.png converted to masks
VS2_0058.png converted to masks
VS2_0059.png converted to masks
VS2_0060.png converted to masks
VS2_0061.png converted to masks
VS2_0062.png converted to masks
VS2_0063.png converted to masks
VS2_0065.png converted to masks
VS2_0066.png converted to masks
VS2_0067.png converted to masks
VS5_0022.png converted to masks
VS5_0023.png converted to masks
VS5_0024.png converted to masks
VS5_0025.png converted to masks
VS5_0027.png converted to masks
VS5_0028.png converted to masks
VS5_0029.png converted to masks
VS5_0030VS10_0019.png converted to masks
VS10_0020.png converted to masks
VS10_0021.png converted to masks
VS10_0022.png converted to masks
VS10_0023.png converted to masks
VS1_0043.png converted to masks
VS1_0045.png converted to masks
VS1_0047.png converted to masks
VS1_0049.png converted to masks
VS1_0051.png converted to masks
VS1_0053.png converted to masks
VS1_0055.png converted to masks
VS4_0144.png converted to masks
VS4_0145.png converted to masks
VS4_0146.png converted to masks
VS4_0147.png converted to masks
VS4_0148.png converted to masks
VS4_0149.png converted to masks
VS4_0151.png converted to masks
VS4_0152.png converted to masks
VS4_0153.png converted to masks
VS4_0154.png converted to masks
VS4_0155.png converted to masks
VS4_0156.png converted to masks
VS6_0105.png converted to masks
VS6_0106.png converted to masks
VS6_0107.png converted to masks
VS6_0108.png converted to masks
VS6_0109.png converted to masks
VS6_0110.png converted to masks
VS6_0111.png converted to masks
VS6_0112.png converted to masks
VS6_0113.png converted to masks
VS6_0114.png converted to masks
VS6_0115.png converted to masks
VS6_0116.png converted to masks
VS10_0071.png converted to masks
VS10_0072.png converted to masks
VS10_0073.png converted to masks
VS10_0074.png converted to masks
VS10_0075.png converted to masks
VS10_0076.png converted to masks
VS10_0077.png converted to masks
VS10_0079.png converted to masks
VS10_0080.png converted to masks
VS10_0081.png converted to masks
VS10_0082.png converted to masks
VS10_0083.png converted to masks
