Using base prefix '/cvmfs/soft.computecanada.ca/easybuild/software/2017/Core/python/3.6.3'
New python executable in /localscratch/abtin.28074488.0/env/bin/python
Installing setuptools, pip, wheel...done.
Ignoring pip: markers 'python_version < "3"' don't match your environment
Collecting pip
Installing collected packages: pip
  Found existing installation: pip 9.0.1
    Uninstalling pip-9.0.1:
      Successfully uninstalled pip-9.0.1
Successfully installed pip-18.1
Ignoring pip: markers 'python_version < "3"' don't match your environment
Looking in links: /cvmfs/soft.computecanada.ca/custom/python/wheelhouse/avx2, /cvmfs/soft.computecanada.ca/custom/python/wheelhouse/generic, /cvmfs/soft.computecanada.ca/custom/python/wheelhouse/avx2, /cvmfs/soft.computecanada.ca/custom/python/wheelhouse/generic
Collecting cloudpickle==0.8.0 (from -r requirements.txt (line 3))
Collecting cycler==0.10.0 (from -r requirements.txt (line 4))
Collecting dask==1.1.4 (from -r requirements.txt (line 5))
Collecting decorator==4.4.0 (from -r requirements.txt (line 6))
Collecting imageio==2.4.1 (from -r requirements.txt (line 7))
Collecting kiwisolver==1.1.0 (from -r requirements.txt (line 8))
Collecting matplotlib==3.0.3 (from -r requirements.txt (line 9))
Collecting networkx==2.2 (from -r requirements.txt (line 10))
Collecting numpy==1.16.3 (from -r requirements.txt (line 11))
Collecting Pillow==6.1.0 (from -r requirements.txt (line 12))
Collecting pyparsing==2.4.0 (from -r requirements.txt (line 13))
Collecting python-dateutil==2.8.0 (from -r requirements.txt (line 14))
Collecting PyWavelets==1.0.3 (from -r requirements.txt (line 15))
Collecting scikit-image==0.14.2 (from -r requirements.txt (line 16))
Collecting scipy==1.3.0 (from -r requirements.txt (line 17))
Collecting six==1.12.0 (from -r requirements.txt (line 18))
Collecting toolz==0.9.0 (from -r requirements.txt (line 19))
Requirement already satisfied: setuptools in /localscratch/abtin.28074488.0/env/lib/python3.6/site-packages (from kiwisolver==1.1.0->-r requirements.txt (line 8)) (28.8.0)
Installing collected packages: cloudpickle, six, cycler, dask, decorator, Pillow, numpy, imageio, kiwisolver, pyparsing, python-dateutil, matplotlib, networkx, PyWavelets, scikit-image, scipy, toolz
Successfully installed Pillow-6.1.0 PyWavelets-1.0.3 cloudpickle-0.8.0 cycler-0.10.0 dask-1.1.4 decorator-4.4.0 imageio-2.4.1 kiwisolver-1.1.0 matplotlib-3.0.3 networkx-2.2 numpy-1.16.3 pyparsing-2.4.0 python-dateutil-2.8.0 scikit-image-0.14.2 scipy-1.3.0 six-1.12.0 toolz-0.9.0
Cam_1_Pic_19-09-10.png converted to masks
Cam_1_Pic_19-09-14.png converted to masks
Cam_3_Pic_19-08-45.png converted to masks
Cam_3_Pic_19-08-49.png converted to masks
Cam_4_Pic_19-10-42.png converted to masks
Cam_5_Pic_19-07-30.png converted to masks
Cam_1_Pic_19-09-27.png converted to masks
Cam_1_Pic_19-09-31.png converted to masks
Cam_3_Pic_19-09-14.png converted to masks
Cam_3_Pic_19-09-18.png converted to masks
Cam_4_Pic_19-10-26.png converted to masks
Cam_4_Pic_19-10-35.png converted to masks
Cam_1_Pic_19-10-02.png converted to masks
Cam_1_Pic_19-10-12.png converted to masks
Cam_3_Pic_19-08-10.png converted to masks
Cam_3_Pic_19-08-14.png converted to masks
Cam_4_Pic_19-08-57.png converted to masks
Cam_4_Pic_19-09-00.png converted to masks
Cam_1_Pic_19-09-35.png converted to masks
Cam_1_Pic_19-09-41.png converted to masks
Cam_3_Pic_19-08-37.png converted to masks
Cam_3_Pic_19-08-41.png converted to masks
Cam_4_Pic_19-10-17.png converted to masks
Cam_4_Pic_19-10-21.png converted to masks
Cam_1_Pic_19-09-03.png converted to masks
Cam_1_Pic_19-09-07.png converted to masks
Cam_3_Pic_19-08-19.png converted to masks
Cam_3_Pic_19-08-23.png converted to masks
Cam_4_Pic_19-09-10.png converted to masks
Cam_4_Pic_19-09-14.png converted to masks
Cam_1_Pic_19-09-55.png converted to masks
Cam_1_Pic_19-09-58.png converted to masks
Cam_3_Pic_19-08-01.png converted to masks
Cam_3_Pic_19-08-06.png converted to masks
Cam_4_Pic_19-09-18.png converted to masks
Cam_4_Pic_19-09-23.png converted to masks
Cam_1_Pic_19-10-30.png converted to masks
CamCam_2_Pic_19-07-30.png converted to masks
Cam_2_Pic_19-07-43.png converted to masks
Cam_1_Pic_19-09-00.png converted to masks
Cam_1_Pic_19-10-07.png converted to masks
Cam_4_Pic_19-09-55.png converted to masks
Cam_4_Pic_19-10-02.png converted to masks
Cam_1_Pic_19-08-53.png converted to masks
Cam_1_Pic_19-08-57.png converted to masks
Cam_3_Pic_19-08-27.png converted to masks
Cam_3_Pic_19-08-34.png converted to masks
Cam_4_Pic_19-09-35.png converted to masks
Cam_4_Pic_19-09-41.png converted to masks
Cam_1_Pic_19-07-47.png converted to masks
Cam_1_Pic_19-07-52.png converted to masks
Cam_3_Pic_19-08-53.png converted to masks
Cam_3_Pic_19-08-57.png converted to masks
Cam_5_Pic_19-07-43.png converted to masks
Cam_5_Pic_19-07-47.png converted to masks
Cam_1_Pic_19-07-57.png converted to masks
Cam_1_Pic_19-08-01.png converted to masks
Cam_3_Pic_19-09-00.png converted to masks
Cam_3_Pic_19-09-03.png converted to masks
Cam_5_Pic_19-07-52.png converted to masks
Cam_5_Pic_19-07-57.png converted to masks
Cam_1_Pic_19-08-45.png converted to masks
Cam_1_Pic_19-08-49.png converted to masks
Cam_3_Pic_19-09-23.png converted to masks
Cam_3_Pic_19-09-27.png converted to masks
Cam_5_Pic_19-08-01.png converted to masks
Cam_5_Pic_19-08-06.png converted to masks
Cam_1_Pic_19-09-18.png converted to masks
Cam_1_Pic_19-09-23.png converted to masks
Cam_3_Pic_19-09-07.png converted to masks
Cam_3_Pic_19-09-10.png converted to masks
Cam_4_Pic_19-10-07.png converted to masks
Cam_4_Pic_19-10-12.png converted to masks
Cam_2_Pic_19-08-57.png converted to masks
Cam_2_Pic_19-09-00.png converted to masks
Cam_2_Pic_19-09-03.png converted to masks
Cam_2_Pic_19-09-07.png converted to masks
Cam_3_Pic_19-09-35.png converted to masks
Cam_3_Pic_19-09-41.png converted to masks
Cam_5_Pic_19-08-27.png converted to masks
Cam_5_Pic_19-08-30.png converted to masks
Cam_2_Pic_19-08-49.png converted to masks
Cam_2_Pic_19-08-53.png converted to masks
Cam_2_Pic_19-09-10.png converted to masks
Cam_2_Pic_19-09-18.png converted to masks
Cam_3_Pic_19-09-55.png converted to masks
Cam_3_Pic_19-09-58.png converted to masks
Cam_5_Pic_19-08-14.png converted to masks
Cam_5_Pic_19-08-23.png converted to masks
Cam_2_Pic_19-08-06.png converted to masks
Cam_2_Pic_19-08-10.png converted to masks
Cam_2_Pic_19-10-07.png converted to masks
Cam_2_Pic_19-10-12.png converted to masks
Cam_4_Pic_19-07-43.png converted to masks
Cam_4_Pic_19-07-47.png converted to masks
Cam_5_Pic_19-08-49.png converted to masks
Cam_5_Pic_19-08-53.png converted to masks
Cam_2_Pic_19-07-57.png converted to masks
Cam_2_Pic_19-08-01.png converted to masks
Cam_2_Pic_19-09-58.png converted to masks
Cam_2_Pic_19-10-02.png converted to masks
Cam_3_Pic_19-10-42.png converted to masks
Cam_4_Pic_19-07-30.png converted to masks
Cam_5_Pic_19-08-34.png converted to masks
Cam_5_Pic_19-08-37.png converted to masks
Cam_2_Pic_19-08-19.png converted to masks
Cam_2_Pic_19-08-23.png converted to masks
Cam_2_Pic_19-09-50.png converted to masks
Cam_2_Pic_19-09-55.png converted to masks
Cam_3_Pic_19-10-02.png converted to masks
Cam_3_Pic_19-10-07.png converted to masks
Cam_5_Pic_19-08-57.png converted to masks
Cam_5_Pic_19-09-00.png converted to masks
Cam_2_Pic_19-08-27.png converted to masks
Cam_2_Pic_19-08-30.png converted to masks
Cam_2_Pic_19-09-31.png converted to masks
Cam_2_Pic_19-09-35.png converted to masks
Cam_3_Pic_19-10-12.png converted to masks
Cam_3_Pic_19-10-17.png converted to masks
Cam_5_Pic_19-09-10.png converted to masks
Cam_5_Pic_19-09-18.png converted to masks
Cam_1_Pic_19-10-42.png converted to masks
Cam_1_Pic_19-10-48.png converted to masks
Cam_5_Pic_19-08-10.png converted to masks
Cam_5_Pic_19-09-14.png converted to masks
Cam_4_Pic_19-08-10.png converted to masks
Cam_4_Pic_19-08-27.png converted to masks
Cam_5_Pic_19-09-03.png converted to masks
Cam_5_Pic_19-09-07.png converted to masks
Cam_2_Pic_19-07-47.png converted to masks
Cam_2_Pic_19-07-52.png converted to masks
Cam_2_Pic_19-10-17.png converted to masks
Cam_2_Pic_19-10-21.png converted to masks
Cam_3_Pic_19-10-21.png converted to masks
Cam_3_Pic_19-10-26.pngCam_1_Pic_19-09-46.png converted to masks
Cam_1_Pic_19-09-50.png converted to masks
Cam_2_Pic_19-10-30.png converted to masks
Cam_2_Pic_19-10-35.png converted to masks
Cam_4_Pic_19-08-30.png converted to masks
Cam_4_Pic_19-08-34.png converted to masks
Cam_5_Pic_19-09-41.png converted to masks
Cam_5_Pic_19-09-46.png converted to masks
Cam_2_Pic_19-08-34.png converted to masks
Cam_2_Pic_19-08-37.png converted to masks
Cam_2_Pic_19-09-23.png converted to masks
Cam_2_Pic_19-09-27.png converted to masks
Cam_3_Pic_19-10-30.png converted to masks
Cam_3_Pic_19-10-35.png converted to masks
Cam_5_Pic_19-09-31.png converted to masks
Cam_5_Pic_19-09-35.png converted to masks
Cam_1_Pic_19-07-30.png converted to masks
Cam_1_Pic_19-07-43.png converted to masks
Cam_2_Pic_19-10-42.png converted to masks
Cam_2_Pic_19-10-48.png converted to masks
Cam_4_Pic_19-08-45.png converted to masks
Cam_4_Pic_19-08-49.png converted to masks
Cam_5_Pic_19-10-17.png converted to masks
Cam_5_Pic_19-10-21.png converted to masks
Cam_2_Pic_19-08-41.png converted to masks
Cam_2_Pic_19-08-45.png converted to masks
Cam_2_Pic_19-09-41.png converted to masks
Cam_2_Pic_19-09-46.png converted to masks
Cam_3_Pic_19-09-46.png converted to masks
Cam_3_Pic_19-09-50.png converted to masks
Cam_5_Pic_19-08-41.png converted to masks
Cam_5_Pic_19-08-45.png converted to masks
Cam_1_Pic_19-10-17.png converted to masks
Cam_1_Pic_19-10-26.png converted to masks
Cam_4_Pic_19-08-53.png converted to masks
Cam_4_Pic_19-09-58.png converted to masks
Cam_4_Pic_19-09-46.png converted to masks
Cam_4_Pic_19-09-50.png converted to masks
Cam_5_Pic_19-10-26.png converted to masks
Cam_5_Pic_19-10-35.png converted to masks
Cam_1_Pic_19-08-14.png converted to masks
Cam_1_Pic_19-08-19.png converted to masks
Cam_2_Pic_19-08-14.png converted to masks
Cam_2_Pic_19-09-14.png converted to masks
Cam_4_Pic_19-07-52.png converted to masks
Cam_4_Pic_19-07-57.png converted to masks
Cam_5_Pic_19-09-58.png converted to masks
Cam_5_Pic_19-10-02.png converted to masks
Cam_1_Pic_19-08-23.png converted to masks
Cam_1_Pic_19-08-27.png converted to masks
Cam_3_Pic_19-09-31.png converted to masks
Cam_3_Pic_19-10-48.png converted to masks
Cam_4_Pic_19-08-37.png converted to masks
Cam_4_Pic_19-08-41.png converted to masks
Cam_5_Pic_19-10-07.png converted to masks
Cam_5_Pic_19-10-12.png converted to masks
Cam_1_Pic_19-08-30.png converted to masks
Cam_1_Pic_19-08-34.png converted to masks
Cam_2_Pic_19-10-26.png converted to masks
Cam_3_Pic_19-08-30.png converted to masks
Cam_4_Pic_19-08-01.png converted to masks
Cam_4_Pic_19-08-06.png converted to masks
Cam_5_Pic_19-09-50.png converted to masks
Cam_5_Pic_19-09-55.png converted to masks
Cam_1_Pic_19-08-37.png converted to masks
Cam_1_Pic_19-08-41.png converted to masks
Cam_3_Pic_19-07-52.png converted to masks
Cam_3_Pic_19-07-57.png converted to masks
Cam_4_Pic_19-09-27.png converted to masks
Cam_4_Pic_19-09-31.png converted to masks
Cam_5_Pic_19-10-42.png converted to masks
Cam_5_Pic_19-10-48.png converted to masks
